#
# There is insufficient memory for the Java Runtime Environment to continue.
# Native memory allocation (malloc) failed to allocate 32744 bytes for ChunkPool::allocate
# Possible reasons:
#   The system is out of physical RAM or swap space
#   The process is running with CompressedOops enabled, and the Java Heap may be blocking the growth of the native heap
# Possible solutions:
#   Reduce memory load on the system
#   Increase physical memory or swap space
#   Check if swap backing store is full
#   Decrease Java heap size (-Xmx/-Xms)
#   Decrease number of Java threads
#   Decrease Java thread stack sizes (-Xss)
#   Set larger code cache with -XX:ReservedCodeCacheSize=
#   JVM is running with Zero Based Compressed Oops mode in which the Java heap is
#     placed in the first 32GB address space. The Java Heap base address is the
#     maximum limit for the native heap growth. Please use -XX:HeapBaseMinAddress
#     to set the Java Heap base and to place the Java Heap above 32GB virtual address.
# This output file may be truncated or incomplete.
#
#  Out of Memory Error (arena.cpp:78), pid=9820, tid=3720
#
# JRE version: Java(TM) SE Runtime Environment (17.0.10+11) (build 17.0.10+11-LTS-240)
# Java VM: Java HotSpot(TM) 64-Bit Server VM (17.0.10+11-LTS-240, mixed mode, sharing, tiered, compressed oops, compressed class ptrs, g1 gc, windows-amd64)
# No core dump will be written. Minidumps are not enabled by default on client versions of Windows
#

---------------  S U M M A R Y ------------

Command Line: -javaagent:C:\Program Files\JetBrains\IntelliJ IDEA 2023.3.3\lib\idea_rt.jar=51207:C:\Program Files\JetBrains\IntelliJ IDEA 2023.3.3\bin -Dfile.encoding=UTF-8 --module-path=C:\Users\Usuario\.m2\repository\org\openjfx\javafx-base\17.0.2\javafx-base-17.0.2-win.jar;C:\Users\Usuario\.m2\repository\org\hibernate\orm\hibernate-core\6.5.2.Final\hibernate-core-6.5.2.Final.jar;C:\Users\Usuario\.m2\repository\org\openjfx\javafx-graphics\17.0.2\javafx-graphics-17.0.2-win.jar;C:\Users\Usuario\.m2\repository\org\openjfx\javafx-controls\17.0.2\javafx-controls-17.0.2-win.jar;C:\Users\Usuario\Desktop\GitHub\projeto_so\acadConecta\target\classes;C:\Users\Usuario\.m2\repository\org\openjfx\javafx-fxml\17.0.2\javafx-fxml-17.0.2-win.jar;C:\Users\Usuario\.m2\repository\jakarta\persistence\jakarta.persistence-api\3.1.0\jakarta.persistence-api-3.1.0.jar -Djdk.module.main=org.code org.code/org.code.application.App

Host: Intel(R) Core(TM) i5-8250U CPU @ 1.60GHz, 8 cores, 11G,  Windows 11 , 64 bit Build 22621 (10.0.22621.3958)
Time: Thu Sep  5 17:42:25 2024 Hora oficial do Brasil elapsed time: 72.717422 seconds (0d 0h 1m 12s)

---------------  T H R E A D  ---------------

Current thread (0x0000020ab0349360):  JavaThread "C2 CompilerThread0" daemon [_thread_in_native, id=3720, stack(0x000000aa86000000,0x000000aa86100000)]


Current CompileTask:
C2:  72717 7586   !   4       javafx.scene.CssStyleHelper::transitionToState (1031 bytes)

Stack: [0x000000aa86000000,0x000000aa86100000]
Native frames: (J=compiled Java code, j=interpreted, Vv=VM code, C=native code)
V  [jvm.dll+0x677a5a]
V  [jvm.dll+0x7d8b2d]
V  [jvm.dll+0x7da48e]
V  [jvm.dll+0x7daaf3]
V  [jvm.dll+0x2455ff]
V  [jvm.dll+0xaad50]
V  [jvm.dll+0xab09c]
V  [jvm.dll+0x6c303d]
V  [jvm.dll+0x1bb2d1]
V  [jvm.dll+0x217aa7]
V  [jvm.dll+0x216d81]
V  [jvm.dll+0x1a3410]
V  [jvm.dll+0x226aeb]
V  [jvm.dll+0x224cab]
V  [jvm.dll+0x78e45c]
V  [jvm.dll+0x78888a]
V  [jvm.dll+0x676935]
C  [ucrtbase.dll+0x29333]
C  [KERNEL32.DLL+0x1257d]
C  [ntdll.dll+0x5af28]


---------------  P R O C E S S  ---------------

Threads class SMR info:
_java_thread_list=0x0000020af662aa30, length=22, elements={
0x0000020a8fbf6570, 0x0000020ab0320b00, 0x0000020ab0321980, 0x0000020ab0330590,
0x0000020ab0332570, 0x0000020ab0333130, 0x0000020ab0335c00, 0x0000020ab0349360,
0x0000020ab034a130, 0x0000020ab034ce50, 0x0000020ab052d870, 0x0000020af642c380,
0x0000020ab07194e0, 0x0000020af67eafa0, 0x0000020af6787ad0, 0x0000020af694a6b0,
0x0000020af6931670, 0x0000020af691de40, 0x0000020af691f280, 0x0000020af691d930,
0x0000020af691e860, 0x0000020af691fca0
}

Java Threads: ( => current thread )
  0x0000020a8fbf6570 JavaThread "main" [_thread_blocked, id=10116, stack(0x000000aa85300000,0x000000aa85400000)]
  0x0000020ab0320b00 JavaThread "Reference Handler" daemon [_thread_blocked, id=15764, stack(0x000000aa85a00000,0x000000aa85b00000)]
  0x0000020ab0321980 JavaThread "Finalizer" daemon [_thread_blocked, id=14180, stack(0x000000aa85b00000,0x000000aa85c00000)]
  0x0000020ab0330590 JavaThread "Signal Dispatcher" daemon [_thread_blocked, id=15008, stack(0x000000aa85c00000,0x000000aa85d00000)]
  0x0000020ab0332570 JavaThread "Attach Listener" daemon [_thread_blocked, id=18708, stack(0x000000aa85d00000,0x000000aa85e00000)]
  0x0000020ab0333130 JavaThread "Service Thread" daemon [_thread_blocked, id=3652, stack(0x000000aa85e00000,0x000000aa85f00000)]
  0x0000020ab0335c00 JavaThread "Monitor Deflation Thread" daemon [_thread_blocked, id=14164, stack(0x000000aa85f00000,0x000000aa86000000)]
=>0x0000020ab0349360 JavaThread "C2 CompilerThread0" daemon [_thread_in_native, id=3720, stack(0x000000aa86000000,0x000000aa86100000)]
  0x0000020ab034a130 JavaThread "C1 CompilerThread0" daemon [_thread_blocked, id=18836, stack(0x000000aa86100000,0x000000aa86200000)]
  0x0000020ab034ce50 JavaThread "Sweeper thread" daemon [_thread_blocked, id=15668, stack(0x000000aa86200000,0x000000aa86300000)]
  0x0000020ab052d870 JavaThread "Common-Cleaner" daemon [_thread_blocked, id=14892, stack(0x000000aa86300000,0x000000aa86400000)]
  0x0000020af642c380 JavaThread "Monitor Ctrl-Break" daemon [_thread_in_native, id=13820, stack(0x000000aa86400000,0x000000aa86500000)]
  0x0000020ab07194e0 JavaThread "Notification Thread" daemon [_thread_blocked, id=13136, stack(0x000000aa86500000,0x000000aa86600000)]
  0x0000020af67eafa0 JavaThread "QuantumRenderer-0" daemon [_thread_blocked, id=10936, stack(0x000000aa86c00000,0x000000aa86d00000)]
  0x0000020af6787ad0 JavaThread "InvokeLaterDispatcher" daemon [_thread_blocked, id=11884, stack(0x000000aa86d00000,0x000000aa86e00000)]
  0x0000020af694a6b0 JavaThread "JavaFX Application Thread" [_thread_in_native, id=18816, stack(0x000000aa86e00000,0x000000aa86f00000)]
  0x0000020af6931670 JavaThread "Thread-1" daemon [_thread_in_native, id=6304, stack(0x000000aa87200000,0x000000aa87300000)]
  0x0000020af691de40 JavaThread "JavaFX-Launcher" [_thread_blocked, id=5732, stack(0x000000aa87300000,0x000000aa87400000)]
  0x0000020af691f280 JavaThread "Prism Font Disposer" daemon [_thread_blocked, id=10516, stack(0x000000aa87400000,0x000000aa87500000)]
  0x0000020af691d930 JavaThread "Cleaner-0" daemon [_thread_blocked, id=18504, stack(0x000000aa87b00000,0x000000aa87c00000)]
  0x0000020af691e860 JavaThread "mysql-cj-abandoned-connection-cleanup" daemon [_thread_blocked, id=18776, stack(0x000000aa87d00000,0x000000aa87e00000)]
  0x0000020af691fca0 JavaThread "Hibernate Connection Pool Validation Thread" daemon [_thread_blocked, id=19316, stack(0x000000aa87e00000,0x000000aa87f00000)]

Other Threads:
  0x0000020ab031aaf0 VMThread "VM Thread" [stack: 0x000000aa85900000,0x000000aa85a00000] [id=17324]
  0x0000020a8fc67ae0 WatcherThread [stack: 0x000000aa86600000,0x000000aa86700000] [id=18344]
  0x0000020a8fc4cf40 GCTaskThread "GC Thread#0" [stack: 0x000000aa85400000,0x000000aa85500000] [id=14300]
  0x0000020af6716e20 GCTaskThread "GC Thread#1" [stack: 0x000000aa86700000,0x000000aa86800000] [id=13304]
  0x0000020af67170e0 GCTaskThread "GC Thread#2" [stack: 0x000000aa86800000,0x000000aa86900000] [id=19364]
  0x0000020af67173a0 GCTaskThread "GC Thread#3" [stack: 0x000000aa86900000,0x000000aa86a00000] [id=1712]
  0x0000020af672f920 GCTaskThread "GC Thread#4" [stack: 0x000000aa86a00000,0x000000aa86b00000] [id=18656]
  0x0000020af672fbe0 GCTaskThread "GC Thread#5" [stack: 0x000000aa86b00000,0x000000aa86c00000] [id=11396]
  0x0000020af6b7bb90 GCTaskThread "GC Thread#6" [stack: 0x000000aa87500000,0x000000aa87600000] [id=10472]
  0x0000020af6b7be50 GCTaskThread "GC Thread#7" [stack: 0x000000aa87600000,0x000000aa87700000] [id=17056]
  0x0000020a8fc5ace0 ConcurrentGCThread "G1 Main Marker" [stack: 0x000000aa85500000,0x000000aa85600000] [id=9104]
  0x0000020a8fc5b6f0 ConcurrentGCThread "G1 Conc#0" [stack: 0x000000aa85600000,0x000000aa85700000] [id=16508]
  0x0000020af6c65080 ConcurrentGCThread "G1 Conc#1" [stack: 0x000000aa87c00000,0x000000aa87d00000] [id=18296]
  0x0000020a8fcb61c0 ConcurrentGCThread "G1 Refine#0" [stack: 0x000000aa85700000,0x000000aa85800000] [id=16848]
  0x0000020a8fcb6bf0 ConcurrentGCThread "G1 Service" [stack: 0x000000aa85800000,0x000000aa85900000] [id=10640]

Threads with active compile tasks:
C2 CompilerThread0    72925 7586   !   4       javafx.scene.CssStyleHelper::transitionToState (1031 bytes)

VM state: not at safepoint (normal execution)

VM Mutex/Monitor currently owned by a thread: None

Heap address: 0x0000000741c00000, size: 3044 MB, Compressed Oops mode: Zero based, Oop shift amount: 3

CDS archive(s) mapped at: [0x0000020ab1000000-0x0000020ab1bd0000-0x0000020ab1bd0000), size 12386304, SharedBaseAddress: 0x0000020ab1000000, ArchiveRelocationMode: 1.
Compressed class space mapped at: 0x0000020ab2000000-0x0000020af2000000, reserved size: 1073741824
Narrow klass base: 0x0000020ab1000000, Narrow klass shift: 0, Narrow klass range: 0x100000000

GC Precious Log:
 CPUs: 8 total, 8 available
 Memory: 12171M
 Large Page Support: Disabled
 NUMA Support: Disabled
 Compressed Oops: Enabled (Zero based)
 Heap Region Size: 2M
 Heap Min Capacity: 8M
 Heap Initial Capacity: 192M
 Heap Max Capacity: 3044M
 Pre-touch: Disabled
 Parallel Workers: 8
 Concurrent Workers: 2
 Concurrent Refinement Workers: 8
 Periodic GC: Disabled

Heap:
 garbage-first heap   total 344064K, used 117427K [0x0000000741c00000, 0x0000000800000000)
  region size 2048K, 6 young (12288K), 2 survivors (4096K)
 Metaspace       used 59190K, committed 59648K, reserved 1114112K
  class space    used 8184K, committed 8384K, reserved 1048576K

Heap Regions: E=young(eden), S=young(survivor), O=old, HS=humongous(starts), HC=humongous(continues), CS=collection set, F=free, OA=open archive, CA=closed archive, TAMS=top-at-mark-start (previous, next)
|   0|0x0000000741c00000, 0x0000000741e00000, 0x0000000741e00000|100%| O|  |TAMS 0x0000000741e00000, 0x0000000741e00000| Untracked 
|   1|0x0000000741e00000, 0x0000000742000000, 0x0000000742000000|100%| O|  |TAMS 0x0000000742000000, 0x0000000742000000| Untracked 
|   2|0x0000000742000000, 0x0000000742200000, 0x0000000742200000|100%|HS|  |TAMS 0x0000000742200000, 0x0000000742200000| Complete 
|   3|0x0000000742200000, 0x0000000742400000, 0x0000000742400000|100%| O|  |TAMS 0x0000000742400000, 0x0000000742400000| Untracked 
|   4|0x0000000742400000, 0x0000000742600000, 0x0000000742600000|100%| O|  |TAMS 0x0000000742600000, 0x0000000742600000| Untracked 
|   5|0x0000000742600000, 0x0000000742800000, 0x0000000742800000|100%|HS|  |TAMS 0x0000000742800000, 0x0000000742800000| Complete 
|   6|0x0000000742800000, 0x0000000742a00000, 0x0000000742a00000|100%| O|  |TAMS 0x0000000742a00000, 0x0000000742a00000| Untracked 
|   7|0x0000000742a00000, 0x0000000742c00000, 0x0000000742c00000|100%| O|  |TAMS 0x0000000742c00000, 0x0000000742c00000| Untracked 
|   8|0x0000000742c00000, 0x0000000742e00000, 0x0000000742e00000|100%| O|  |TAMS 0x0000000742e00000, 0x0000000742e00000| Untracked 
|   9|0x0000000742e00000, 0x0000000743000000, 0x0000000743000000|100%| O|  |TAMS 0x0000000743000000, 0x0000000743000000| Untracked 
|  10|0x0000000743000000, 0x0000000743200000, 0x0000000743200000|100%| O|  |TAMS 0x0000000743200000, 0x0000000743200000| Untracked 
|  11|0x0000000743200000, 0x0000000743400000, 0x0000000743400000|100%| O|  |TAMS 0x0000000743400000, 0x0000000743400000| Untracked 
|  12|0x0000000743400000, 0x0000000743600000, 0x0000000743600000|100%| O|  |TAMS 0x0000000743600000, 0x0000000743600000| Untracked 
|  13|0x0000000743600000, 0x0000000743800000, 0x0000000743800000|100%| O|  |TAMS 0x0000000743800000, 0x0000000743800000| Untracked 
|  14|0x0000000743800000, 0x0000000743a00000, 0x0000000743a00000|100%|HS|  |TAMS 0x0000000743a00000, 0x0000000743a00000| Complete 
|  15|0x0000000743a00000, 0x0000000743c00000, 0x0000000743c00000|100%|HC|  |TAMS 0x0000000743c00000, 0x0000000743c00000| Complete 
|  16|0x0000000743c00000, 0x0000000743e00000, 0x0000000743e00000|100%|HC|  |TAMS 0x0000000743e00000, 0x0000000743e00000| Complete 
|  17|0x0000000743e00000, 0x0000000744000000, 0x0000000744000000|100%|HS|  |TAMS 0x0000000744000000, 0x0000000744000000| Complete 
|  18|0x0000000744000000, 0x0000000744200000, 0x0000000744200000|100%|HS|  |TAMS 0x0000000744200000, 0x0000000744200000| Complete 
|  19|0x0000000744200000, 0x0000000744400000, 0x0000000744400000|100%| O|  |TAMS 0x0000000744400000, 0x0000000744400000| Untracked 
|  20|0x0000000744400000, 0x0000000744600000, 0x0000000744600000|100%|HS|  |TAMS 0x0000000744600000, 0x0000000744600000| Complete 
|  21|0x0000000744600000, 0x0000000744800000, 0x0000000744800000|100%|HS|  |TAMS 0x0000000744800000, 0x0000000744800000| Complete 
|  22|0x0000000744800000, 0x0000000744a00000, 0x0000000744a00000|100%|HC|  |TAMS 0x0000000744a00000, 0x0000000744a00000| Complete 
|  23|0x0000000744a00000, 0x0000000744c00000, 0x0000000744c00000|100%|HS|  |TAMS 0x0000000744c00000, 0x0000000744c00000| Complete 
|  24|0x0000000744c00000, 0x0000000744e00000, 0x0000000744e00000|100%|HS|  |TAMS 0x0000000744e00000, 0x0000000744e00000| Complete 
|  25|0x0000000744e00000, 0x0000000745000000, 0x0000000745000000|100%|HC|  |TAMS 0x0000000745000000, 0x0000000745000000| Complete 
|  26|0x0000000745000000, 0x0000000745200000, 0x0000000745200000|100%|HC|  |TAMS 0x0000000745200000, 0x0000000745200000| Complete 
|  27|0x0000000745200000, 0x0000000745400000, 0x0000000745400000|100%|HS|  |TAMS 0x0000000745400000, 0x0000000745400000| Complete 
|  28|0x0000000745400000, 0x0000000745600000, 0x0000000745600000|100%|HC|  |TAMS 0x0000000745600000, 0x0000000745600000| Complete 
|  29|0x0000000745600000, 0x0000000745800000, 0x0000000745800000|100%|HC|  |TAMS 0x0000000745800000, 0x0000000745800000| Complete 
|  30|0x0000000745800000, 0x0000000745a00000, 0x0000000745a00000|100%| O|  |TAMS 0x0000000745a00000, 0x0000000745a00000| Untracked 
|  31|0x0000000745a00000, 0x0000000745c00000, 0x0000000745c00000|100%|HS|  |TAMS 0x0000000745c00000, 0x0000000745c00000| Complete 
|  32|0x0000000745c00000, 0x0000000745e00000, 0x0000000745e00000|100%|HS|  |TAMS 0x0000000745e00000, 0x0000000745e00000| Complete 
|  33|0x0000000745e00000, 0x0000000746000000, 0x0000000746000000|100%|HC|  |TAMS 0x0000000746000000, 0x0000000746000000| Complete 
|  34|0x0000000746000000, 0x0000000746200000, 0x0000000746200000|100%|HC|  |TAMS 0x0000000746200000, 0x0000000746200000| Complete 
|  35|0x0000000746200000, 0x0000000746400000, 0x0000000746400000|100%|HS|  |TAMS 0x0000000746400000, 0x0000000746400000| Complete 
|  36|0x0000000746400000, 0x0000000746600000, 0x0000000746600000|100%|HS|  |TAMS 0x0000000746600000, 0x0000000746600000| Complete 
|  37|0x0000000746600000, 0x0000000746800000, 0x0000000746800000|100%|HS|  |TAMS 0x0000000746800000, 0x0000000746800000| Complete 
|  38|0x0000000746800000, 0x0000000746a00000, 0x0000000746a00000|100%|HS|  |TAMS 0x0000000746a00000, 0x0000000746a00000| Complete 
|  39|0x0000000746a00000, 0x0000000746c00000, 0x0000000746c00000|100%|HC|  |TAMS 0x0000000746c00000, 0x0000000746c00000| Complete 
|  40|0x0000000746c00000, 0x0000000746e00000, 0x0000000746e00000|100%|HS|  |TAMS 0x0000000746e00000, 0x0000000746e00000| Complete 
|  41|0x0000000746e00000, 0x0000000746f76e00, 0x0000000747000000| 73%| O|  |TAMS 0x0000000746f76e00, 0x0000000746f76e00| Untracked 
|  42|0x0000000747000000, 0x0000000747200000, 0x0000000747200000|100%|HS|  |TAMS 0x0000000747200000, 0x0000000747200000| Complete 
|  43|0x0000000747200000, 0x0000000747400000, 0x0000000747400000|100%|HC|  |TAMS 0x0000000747400000, 0x0000000747400000| Complete 
|  44|0x0000000747400000, 0x0000000747600000, 0x0000000747600000|100%|HC|  |TAMS 0x0000000747600000, 0x0000000747600000| Complete 
|  45|0x0000000747600000, 0x0000000747800000, 0x0000000747800000|100%|HS|  |TAMS 0x0000000747600000, 0x0000000747800000| Complete 
|  46|0x0000000747800000, 0x0000000747a00000, 0x0000000747a00000|100%|HC|  |TAMS 0x0000000747800000, 0x0000000747a00000| Complete 
|  47|0x0000000747a00000, 0x0000000747c00000, 0x0000000747c00000|100%|HC|  |TAMS 0x0000000747a00000, 0x0000000747c00000| Complete 
|  48|0x0000000747c00000, 0x0000000747e00000, 0x0000000747e00000|100%|HS|  |TAMS 0x0000000747c00000, 0x0000000747c00000| Complete 
|  49|0x0000000747e00000, 0x0000000748000000, 0x0000000748000000|100%|HC|  |TAMS 0x0000000747e00000, 0x0000000747e00000| Complete 
|  50|0x0000000748000000, 0x0000000748200000, 0x0000000748200000|100%|HS|  |TAMS 0x0000000748000000, 0x0000000748000000| Complete 
|  51|0x0000000748200000, 0x0000000748400000, 0x0000000748400000|100%|HC|  |TAMS 0x0000000748200000, 0x0000000748200000| Complete 
|  52|0x0000000748400000, 0x0000000748600000, 0x0000000748600000|100%|HS|  |TAMS 0x0000000748400000, 0x0000000748400000| Complete 
|  53|0x0000000748600000, 0x0000000748600000, 0x0000000748800000|  0%| F|  |TAMS 0x0000000748600000, 0x0000000748600000| Untracked 
|  54|0x0000000748800000, 0x0000000748800000, 0x0000000748a00000|  0%| F|  |TAMS 0x0000000748800000, 0x0000000748800000| Untracked 
|  55|0x0000000748a00000, 0x0000000748a00000, 0x0000000748c00000|  0%| F|  |TAMS 0x0000000748a00000, 0x0000000748a00000| Untracked 
|  56|0x0000000748c00000, 0x0000000748c00000, 0x0000000748e00000|  0%| F|  |TAMS 0x0000000748c00000, 0x0000000748c00000| Untracked 
|  57|0x0000000748e00000, 0x0000000748e00000, 0x0000000749000000|  0%| F|  |TAMS 0x0000000748e00000, 0x0000000748e00000| Untracked 
|  58|0x0000000749000000, 0x0000000749000000, 0x0000000749200000|  0%| F|  |TAMS 0x0000000749000000, 0x0000000749000000| Untracked 
|  59|0x0000000749200000, 0x0000000749200000, 0x0000000749400000|  0%| F|  |TAMS 0x0000000749200000, 0x0000000749200000| Untracked 
|  60|0x0000000749400000, 0x0000000749400000, 0x0000000749600000|  0%| F|  |TAMS 0x0000000749400000, 0x0000000749400000| Untracked 
|  61|0x0000000749600000, 0x0000000749600000, 0x0000000749800000|  0%| F|  |TAMS 0x0000000749600000, 0x0000000749600000| Untracked 
|  62|0x0000000749800000, 0x0000000749800000, 0x0000000749a00000|  0%| F|  |TAMS 0x0000000749800000, 0x0000000749800000| Untracked 
|  63|0x0000000749a00000, 0x0000000749a00000, 0x0000000749c00000|  0%| F|  |TAMS 0x0000000749a00000, 0x0000000749a00000| Untracked 
|  64|0x0000000749c00000, 0x0000000749c00000, 0x0000000749e00000|  0%| F|  |TAMS 0x0000000749c00000, 0x0000000749c00000| Untracked 
|  65|0x0000000749e00000, 0x0000000749e00000, 0x000000074a000000|  0%| F|  |TAMS 0x0000000749e00000, 0x0000000749e00000| Untracked 
|  66|0x000000074a000000, 0x000000074a000000, 0x000000074a200000|  0%| F|  |TAMS 0x000000074a000000, 0x000000074a000000| Untracked 
|  67|0x000000074a200000, 0x000000074a200000, 0x000000074a400000|  0%| F|  |TAMS 0x000000074a200000, 0x000000074a200000| Untracked 
|  68|0x000000074a400000, 0x000000074a400000, 0x000000074a600000|  0%| F|  |TAMS 0x000000074a400000, 0x000000074a400000| Untracked 
|  69|0x000000074a600000, 0x000000074a600000, 0x000000074a800000|  0%| F|  |TAMS 0x000000074a600000, 0x000000074a600000| Untracked 
|  70|0x000000074a800000, 0x000000074a800000, 0x000000074aa00000|  0%| F|  |TAMS 0x000000074a800000, 0x000000074a800000| Untracked 
|  71|0x000000074aa00000, 0x000000074aa00000, 0x000000074ac00000|  0%| F|  |TAMS 0x000000074aa00000, 0x000000074aa00000| Untracked 
|  72|0x000000074ac00000, 0x000000074ac00000, 0x000000074ae00000|  0%| F|  |TAMS 0x000000074ac00000, 0x000000074ac00000| Untracked 
|  73|0x000000074ae00000, 0x000000074ae00000, 0x000000074b000000|  0%| F|  |TAMS 0x000000074ae00000, 0x000000074ae00000| Untracked 
|  74|0x000000074b000000, 0x000000074b000000, 0x000000074b200000|  0%| F|  |TAMS 0x000000074b000000, 0x000000074b000000| Untracked 
|  75|0x000000074b200000, 0x000000074b200000, 0x000000074b400000|  0%| F|  |TAMS 0x000000074b200000, 0x000000074b200000| Untracked 
|  76|0x000000074b400000, 0x000000074b400000, 0x000000074b600000|  0%| F|  |TAMS 0x000000074b400000, 0x000000074b400000| Untracked 
|  77|0x000000074b600000, 0x000000074b600000, 0x000000074b800000|  0%| F|  |TAMS 0x000000074b600000, 0x000000074b600000| Untracked 
|  78|0x000000074b800000, 0x000000074b800000, 0x000000074ba00000|  0%| F|  |TAMS 0x000000074b800000, 0x000000074b800000| Untracked 
|  79|0x000000074ba00000, 0x000000074bb35ef8, 0x000000074bc00000| 60%| S|CS|TAMS 0x000000074ba00000, 0x000000074ba00000| Complete 
|  80|0x000000074bc00000, 0x000000074be00000, 0x000000074be00000|100%| S|CS|TAMS 0x000000074bc00000, 0x000000074bc00000| Complete 
|  81|0x000000074be00000, 0x000000074be00000, 0x000000074c000000|  0%| F|  |TAMS 0x000000074be00000, 0x000000074be00000| Untracked 
|  82|0x000000074c000000, 0x000000074c000000, 0x000000074c200000|  0%| F|  |TAMS 0x000000074c000000, 0x000000074c000000| Untracked 
|  83|0x000000074c200000, 0x000000074c200000, 0x000000074c400000|  0%| F|  |TAMS 0x000000074c200000, 0x000000074c200000| Untracked 
|  84|0x000000074c400000, 0x000000074c400000, 0x000000074c600000|  0%| F|  |TAMS 0x000000074c400000, 0x000000074c400000| Untracked 
|  85|0x000000074c600000, 0x000000074c600000, 0x000000074c800000|  0%| F|  |TAMS 0x000000074c600000, 0x000000074c600000| Untracked 
|  86|0x000000074c800000, 0x000000074c800000, 0x000000074ca00000|  0%| F|  |TAMS 0x000000074c800000, 0x000000074c800000| Untracked 
|  87|0x000000074ca00000, 0x000000074ca00000, 0x000000074cc00000|  0%| F|  |TAMS 0x000000074ca00000, 0x000000074ca00000| Untracked 
|  88|0x000000074cc00000, 0x000000074cc00000, 0x000000074ce00000|  0%| F|  |TAMS 0x000000074cc00000, 0x000000074cc00000| Untracked 
|  89|0x000000074ce00000, 0x000000074ce00000, 0x000000074d000000|  0%| F|  |TAMS 0x000000074ce00000, 0x000000074ce00000| Untracked 
|  90|0x000000074d000000, 0x000000074d000000, 0x000000074d200000|  0%| F|  |TAMS 0x000000074d000000, 0x000000074d000000| Untracked 
|  91|0x000000074d200000, 0x000000074d200000, 0x000000074d400000|  0%| F|  |TAMS 0x000000074d200000, 0x000000074d200000| Untracked 
|  92|0x000000074d400000, 0x000000074d400000, 0x000000074d600000|  0%| F|  |TAMS 0x000000074d400000, 0x000000074d400000| Untracked 
|  93|0x000000074d600000, 0x000000074d600000, 0x000000074d800000|  0%| F|  |TAMS 0x000000074d600000, 0x000000074d600000| Untracked 
|  94|0x000000074d800000, 0x000000074d800000, 0x000000074da00000|  0%| F|  |TAMS 0x000000074d800000, 0x000000074d800000| Untracked 
|  95|0x000000074da00000, 0x000000074da00000, 0x000000074dc00000|  0%| F|  |TAMS 0x000000074da00000, 0x000000074da00000| Untracked 
|  96|0x000000074dc00000, 0x000000074dc00000, 0x000000074de00000|  0%| F|  |TAMS 0x000000074dc00000, 0x000000074dc00000| Untracked 
|  97|0x000000074de00000, 0x000000074de00000, 0x000000074e000000|  0%| F|  |TAMS 0x000000074de00000, 0x000000074de00000| Untracked 
|  98|0x000000074e000000, 0x000000074e000000, 0x000000074e200000|  0%| F|  |TAMS 0x000000074e000000, 0x000000074e000000| Untracked 
|  99|0x000000074e200000, 0x000000074e200000, 0x000000074e400000|  0%| F|  |TAMS 0x000000074e200000, 0x000000074e200000| Untracked 
| 100|0x000000074e400000, 0x000000074e400000, 0x000000074e600000|  0%| F|  |TAMS 0x000000074e400000, 0x000000074e400000| Untracked 
| 101|0x000000074e600000, 0x000000074e600000, 0x000000074e800000|  0%| F|  |TAMS 0x000000074e600000, 0x000000074e600000| Untracked 
| 102|0x000000074e800000, 0x000000074e800000, 0x000000074ea00000|  0%| F|  |TAMS 0x000000074e800000, 0x000000074e800000| Untracked 
| 103|0x000000074ea00000, 0x000000074ea00000, 0x000000074ec00000|  0%| F|  |TAMS 0x000000074ea00000, 0x000000074ea00000| Untracked 
| 104|0x000000074ec00000, 0x000000074ec00000, 0x000000074ee00000|  0%| F|  |TAMS 0x000000074ec00000, 0x000000074ec00000| Untracked 
| 105|0x000000074ee00000, 0x000000074ee00000, 0x000000074f000000|  0%| F|  |TAMS 0x000000074ee00000, 0x000000074ee00000| Untracked 
| 106|0x000000074f000000, 0x000000074f000000, 0x000000074f200000|  0%| F|  |TAMS 0x000000074f000000, 0x000000074f000000| Untracked 
| 107|0x000000074f200000, 0x000000074f200000, 0x000000074f400000|  0%| F|  |TAMS 0x000000074f200000, 0x000000074f200000| Untracked 
| 108|0x000000074f400000, 0x000000074f400000, 0x000000074f600000|  0%| F|  |TAMS 0x000000074f400000, 0x000000074f400000| Untracked 
| 109|0x000000074f600000, 0x000000074f600000, 0x000000074f800000|  0%| F|  |TAMS 0x000000074f600000, 0x000000074f600000| Untracked 
| 110|0x000000074f800000, 0x000000074f800000, 0x000000074fa00000|  0%| F|  |TAMS 0x000000074f800000, 0x000000074f800000| Untracked 
| 111|0x000000074fa00000, 0x000000074fa00000, 0x000000074fc00000|  0%| F|  |TAMS 0x000000074fa00000, 0x000000074fa00000| Untracked 
| 112|0x000000074fc00000, 0x000000074fc00000, 0x000000074fe00000|  0%| F|  |TAMS 0x000000074fc00000, 0x000000074fc00000| Untracked 
| 113|0x000000074fe00000, 0x000000074fe00000, 0x0000000750000000|  0%| F|  |TAMS 0x000000074fe00000, 0x000000074fe00000| Untracked 
| 114|0x0000000750000000, 0x0000000750000000, 0x0000000750200000|  0%| F|  |TAMS 0x0000000750000000, 0x0000000750000000| Untracked 
| 115|0x0000000750200000, 0x0000000750200000, 0x0000000750400000|  0%| F|  |TAMS 0x0000000750200000, 0x0000000750200000| Untracked 
| 116|0x0000000750400000, 0x0000000750400000, 0x0000000750600000|  0%| F|  |TAMS 0x0000000750400000, 0x0000000750400000| Untracked 
| 117|0x0000000750600000, 0x0000000750600000, 0x0000000750800000|  0%| F|  |TAMS 0x0000000750600000, 0x0000000750600000| Untracked 
| 118|0x0000000750800000, 0x0000000750800000, 0x0000000750a00000|  0%| F|  |TAMS 0x0000000750800000, 0x0000000750800000| Untracked 
| 119|0x0000000750a00000, 0x0000000750a00000, 0x0000000750c00000|  0%| F|  |TAMS 0x0000000750a00000, 0x0000000750a00000| Untracked 
| 120|0x0000000750c00000, 0x0000000750c00000, 0x0000000750e00000|  0%| F|  |TAMS 0x0000000750c00000, 0x0000000750c00000| Untracked 
| 121|0x0000000750e00000, 0x0000000750e00000, 0x0000000751000000|  0%| F|  |TAMS 0x0000000750e00000, 0x0000000750e00000| Untracked 
| 122|0x0000000751000000, 0x0000000751000000, 0x0000000751200000|  0%| F|  |TAMS 0x0000000751000000, 0x0000000751000000| Untracked 
| 123|0x0000000751200000, 0x0000000751200000, 0x0000000751400000|  0%| F|  |TAMS 0x0000000751200000, 0x0000000751200000| Untracked 
| 124|0x0000000751400000, 0x0000000751400000, 0x0000000751600000|  0%| F|  |TAMS 0x0000000751400000, 0x0000000751400000| Untracked 
| 125|0x0000000751600000, 0x0000000751600000, 0x0000000751800000|  0%| F|  |TAMS 0x0000000751600000, 0x0000000751600000| Untracked 
| 126|0x0000000751800000, 0x0000000751800000, 0x0000000751a00000|  0%| F|  |TAMS 0x0000000751800000, 0x0000000751800000| Untracked 
| 127|0x0000000751a00000, 0x0000000751a00000, 0x0000000751c00000|  0%| F|  |TAMS 0x0000000751a00000, 0x0000000751a00000| Untracked 
| 128|0x0000000751c00000, 0x0000000751c00000, 0x0000000751e00000|  0%| F|  |TAMS 0x0000000751c00000, 0x0000000751c00000| Untracked 
| 129|0x0000000751e00000, 0x0000000751e00000, 0x0000000752000000|  0%| F|  |TAMS 0x0000000751e00000, 0x0000000751e00000| Untracked 
| 130|0x0000000752000000, 0x0000000752000000, 0x0000000752200000|  0%| F|  |TAMS 0x0000000752000000, 0x0000000752000000| Untracked 
| 131|0x0000000752200000, 0x0000000752200000, 0x0000000752400000|  0%| F|  |TAMS 0x0000000752200000, 0x0000000752200000| Untracked 
| 132|0x0000000752400000, 0x0000000752400000, 0x0000000752600000|  0%| F|  |TAMS 0x0000000752400000, 0x0000000752400000| Untracked 
| 133|0x0000000752600000, 0x0000000752600000, 0x0000000752800000|  0%| F|  |TAMS 0x0000000752600000, 0x0000000752600000| Untracked 
| 134|0x0000000752800000, 0x0000000752800000, 0x0000000752a00000|  0%| F|  |TAMS 0x0000000752800000, 0x0000000752800000| Untracked 
| 135|0x0000000752a00000, 0x0000000752a00000, 0x0000000752c00000|  0%| F|  |TAMS 0x0000000752a00000, 0x0000000752a00000| Untracked 
| 136|0x0000000752c00000, 0x0000000752c00000, 0x0000000752e00000|  0%| F|  |TAMS 0x0000000752c00000, 0x0000000752c00000| Untracked 
| 137|0x0000000752e00000, 0x0000000752e00000, 0x0000000753000000|  0%| F|  |TAMS 0x0000000752e00000, 0x0000000752e00000| Untracked 
| 138|0x0000000753000000, 0x0000000753000000, 0x0000000753200000|  0%| F|  |TAMS 0x0000000753000000, 0x0000000753000000| Untracked 
| 139|0x0000000753200000, 0x0000000753200000, 0x0000000753400000|  0%| F|  |TAMS 0x0000000753200000, 0x0000000753200000| Untracked 
| 140|0x0000000753400000, 0x0000000753400000, 0x0000000753600000|  0%| F|  |TAMS 0x0000000753400000, 0x0000000753400000| Untracked 
| 141|0x0000000753600000, 0x0000000753600000, 0x0000000753800000|  0%| F|  |TAMS 0x0000000753600000, 0x0000000753600000| Untracked 
| 142|0x0000000753800000, 0x0000000753800000, 0x0000000753a00000|  0%| F|  |TAMS 0x0000000753800000, 0x0000000753800000| Untracked 
| 143|0x0000000753a00000, 0x0000000753a00000, 0x0000000753c00000|  0%| F|  |TAMS 0x0000000753a00000, 0x0000000753a00000| Untracked 
| 144|0x0000000753c00000, 0x0000000753c00000, 0x0000000753e00000|  0%| F|  |TAMS 0x0000000753c00000, 0x0000000753c00000| Untracked 
| 145|0x0000000753e00000, 0x0000000753e00000, 0x0000000754000000|  0%| F|  |TAMS 0x0000000753e00000, 0x0000000753e00000| Untracked 
| 146|0x0000000754000000, 0x0000000754000000, 0x0000000754200000|  0%| F|  |TAMS 0x0000000754000000, 0x0000000754000000| Untracked 
| 147|0x0000000754200000, 0x0000000754200000, 0x0000000754400000|  0%| F|  |TAMS 0x0000000754200000, 0x0000000754200000| Untracked 
| 148|0x0000000754400000, 0x0000000754400000, 0x0000000754600000|  0%| F|  |TAMS 0x0000000754400000, 0x0000000754400000| Untracked 
| 149|0x0000000754600000, 0x0000000754600000, 0x0000000754800000|  0%| F|  |TAMS 0x0000000754600000, 0x0000000754600000| Untracked 
| 150|0x0000000754800000, 0x0000000754800000, 0x0000000754a00000|  0%| F|  |TAMS 0x0000000754800000, 0x0000000754800000| Untracked 
| 151|0x0000000754a00000, 0x0000000754a00000, 0x0000000754c00000|  0%| F|  |TAMS 0x0000000754a00000, 0x0000000754a00000| Untracked 
| 152|0x0000000754c00000, 0x0000000754c00000, 0x0000000754e00000|  0%| F|  |TAMS 0x0000000754c00000, 0x0000000754c00000| Untracked 
| 153|0x0000000754e00000, 0x0000000754e00000, 0x0000000755000000|  0%| F|  |TAMS 0x0000000754e00000, 0x0000000754e00000| Untracked 
| 154|0x0000000755000000, 0x0000000755000000, 0x0000000755200000|  0%| F|  |TAMS 0x0000000755000000, 0x0000000755000000| Untracked 
| 155|0x0000000755200000, 0x0000000755200000, 0x0000000755400000|  0%| F|  |TAMS 0x0000000755200000, 0x0000000755200000| Untracked 
| 156|0x0000000755400000, 0x0000000755400000, 0x0000000755600000|  0%| F|  |TAMS 0x0000000755400000, 0x0000000755400000| Untracked 
| 157|0x0000000755600000, 0x0000000755600000, 0x0000000755800000|  0%| F|  |TAMS 0x0000000755600000, 0x0000000755600000| Untracked 
| 158|0x0000000755800000, 0x0000000755800000, 0x0000000755a00000|  0%| F|  |TAMS 0x0000000755800000, 0x0000000755800000| Untracked 
| 159|0x0000000755a00000, 0x0000000755a00000, 0x0000000755c00000|  0%| F|  |TAMS 0x0000000755a00000, 0x0000000755a00000| Untracked 
| 160|0x0000000755c00000, 0x0000000755c00000, 0x0000000755e00000|  0%| F|  |TAMS 0x0000000755c00000, 0x0000000755c00000| Untracked 
| 161|0x0000000755e00000, 0x0000000755e00000, 0x0000000756000000|  0%| F|  |TAMS 0x0000000755e00000, 0x0000000755e00000| Untracked 
| 162|0x0000000756000000, 0x0000000756000000, 0x0000000756200000|  0%| F|  |TAMS 0x0000000756000000, 0x0000000756000000| Untracked 
| 163|0x0000000756200000, 0x0000000756200000, 0x0000000756400000|  0%| F|  |TAMS 0x0000000756200000, 0x0000000756200000| Untracked 
| 164|0x0000000756400000, 0x00000007564a0810, 0x0000000756600000| 31%| E|  |TAMS 0x0000000756400000, 0x0000000756400000| Complete 
| 165|0x0000000756600000, 0x0000000756800000, 0x0000000756800000|100%| E|CS|TAMS 0x0000000756600000, 0x0000000756600000| Complete 
| 166|0x0000000756800000, 0x0000000756a00000, 0x0000000756a00000|100%| E|CS|TAMS 0x0000000756800000, 0x0000000756800000| Complete 
| 167|0x0000000756a00000, 0x0000000756c00000, 0x0000000756c00000|100%| E|CS|TAMS 0x0000000756a00000, 0x0000000756a00000| Complete 

Card table byte_map: [0x0000020aa6dd0000,0x0000020aa73d0000] _byte_map_base: 0x0000020aa33c2000

Marking Bits (Prev, Next): (CMBitMap*) 0x0000020a8fc4d560, (CMBitMap*) 0x0000020a8fc4d5a0
 Prev Bits: [0x0000020aa79d0000, 0x0000020aaa960000)
 Next Bits: [0x0000020aaa960000, 0x0000020aad8f0000)

Polling page: 0x0000020a8db30000

Metaspace:

Usage:
  Non-class:     49.81 MB used.
      Class:      7.99 MB used.
       Both:     57.80 MB used.

Virtual space:
  Non-class space:       64.00 MB reserved,      50.06 MB ( 78%) committed,  1 nodes.
      Class space:        1.00 GB reserved,       8.19 MB ( <1%) committed,  1 nodes.
             Both:        1.06 GB reserved,      58.25 MB (  5%) committed. 

Chunk freelists:
   Non-Class:  13.54 MB
       Class:  7.82 MB
        Both:  21.36 MB

MaxMetaspaceSize: unlimited
CompressedClassSpaceSize: 1.00 GB
Initial GC threshold: 21.00 MB
Current GC threshold: 96.19 MB
CDS: on
MetaspaceReclaimPolicy: balanced
 - commit_granule_bytes: 65536.
 - commit_granule_words: 8192.
 - virtual_space_node_default_size: 8388608.
 - enlarge_chunks_in_place: 1.
 - new_chunks_are_fully_committed: 0.
 - uncommit_free_chunks: 1.
 - use_allocation_guard: 0.
 - handle_deallocations: 1.


Internal statistics:

num_allocs_failed_limit: 6.
num_arena_births: 496.
num_arena_deaths: 0.
num_vsnodes_births: 2.
num_vsnodes_deaths: 0.
num_space_committed: 932.
num_space_uncommitted: 0.
num_chunks_returned_to_freelist: 6.
num_chunks_taken_from_freelist: 2415.
num_chunk_merges: 3.
num_chunk_splits: 1752.
num_chunks_enlarged: 1409.
num_inconsistent_stats: 0.

CodeHeap 'non-profiled nmethods': size=120000Kb used=3992Kb max_used=3992Kb free=116007Kb
 bounds [0x0000020a9ef70000, 0x0000020a9f360000, 0x0000020aa64a0000]
CodeHeap 'profiled nmethods': size=120000Kb used=13526Kb max_used=13745Kb free=106473Kb
 bounds [0x0000020a974a0000, 0x0000020a98230000, 0x0000020a9e9d0000]
CodeHeap 'non-nmethods': size=5760Kb used=1627Kb max_used=1715Kb free=4132Kb
 bounds [0x0000020a9e9d0000, 0x0000020a9ec40000, 0x0000020a9ef70000]
 total_blobs=7624 nmethods=6596 adapters=937
 compilation: enabled
              stopped_count=0, restarted_count=0
 full_count=0

Compilation events (20 events):
Event: 72.050 Thread 0x0000020ab034a130 7589       3       javafx.scene.control.Labeled$StyleableProperties$11::isSettable (9 bytes)
Event: 72.051 Thread 0x0000020ab034a130 nmethod 7589 0x0000020a97822e90 code [0x0000020a97823040, 0x0000020a97823498]
Event: 72.051 Thread 0x0000020ab034a130 7590       3       javafx.scene.control.Labeled$StyleableProperties$11::isSettable (23 bytes)
Event: 72.051 Thread 0x0000020ab034a130 nmethod 7590 0x0000020a97822890 code [0x0000020a97822a40, 0x0000020a97822d38]
Event: 72.051 Thread 0x0000020ab034a130 7598       3       javafx.scene.Node::updateBounds (174 bytes)
Event: 72.054 Thread 0x0000020ab034a130 nmethod 7598 0x0000020a977a3a10 code [0x0000020a977a3da0, 0x0000020a977a56c8]
Event: 72.054 Thread 0x0000020ab034a130 7588       3       javafx.scene.layout.Region$StyleableProperties$3::getStyleableProperty (8 bytes)
Event: 72.054 Thread 0x0000020ab034a130 nmethod 7588 0x0000020a97822410 code [0x0000020a978225a0, 0x0000020a978227d8]
Event: 72.054 Thread 0x0000020ab034a130 7591       3       javafx.scene.control.Labeled$StyleableProperties$7::isSettable (9 bytes)
Event: 72.054 Thread 0x0000020ab034a130 nmethod 7591 0x0000020a97821c90 code [0x0000020a97821e40, 0x0000020a97822298]
Event: 72.054 Thread 0x0000020ab034a130 7592       3       javafx.scene.control.Labeled$StyleableProperties$7::isSettable (23 bytes)
Event: 72.055 Thread 0x0000020ab034a130 nmethod 7592 0x0000020a97821690 code [0x0000020a97821840, 0x0000020a97821b38]
Event: 72.055 Thread 0x0000020ab034a130 7593       3       javafx.scene.control.Labeled$StyleableProperties$8::isSettable (9 bytes)
Event: 72.055 Thread 0x0000020ab034a130 nmethod 7593 0x0000020a977a3290 code [0x0000020a977a3440, 0x0000020a977a3898]
Event: 72.056 Thread 0x0000020ab034a130 7594       3       javafx.scene.control.Labeled$StyleableProperties$8::isSettable (23 bytes)
Event: 72.056 Thread 0x0000020ab034a130 nmethod 7594 0x0000020a97820f90 code [0x0000020a97821140, 0x0000020a97821438]
Event: 72.056 Thread 0x0000020ab034a130 7595       3       javafx.scene.control.Labeled$StyleableProperties$6::isSettable (9 bytes)
Event: 72.057 Thread 0x0000020ab034a130 nmethod 7595 0x0000020a977a2c10 code [0x0000020a977a2dc0, 0x0000020a977a3188]
Event: 72.057 Thread 0x0000020ab034a130 7597       1       com.sun.javafx.effect.EffectDirtyBits::getMask (5 bytes)
Event: 72.058 Thread 0x0000020ab034a130 nmethod 7597 0x0000020a9f355d90 code [0x0000020a9f355f20, 0x0000020a9f355ff8]

GC Heap History (20 events):
Event: 39.437 GC heap before
{Heap before GC invocations=21 (full 0):
 garbage-first heap   total 96256K, used 49511K [0x0000000741c00000, 0x0000000800000000)
  region size 2048K, 2 young (4096K), 1 survivors (2048K)
 Metaspace       used 58056K, committed 58496K, reserved 1114112K
  class space    used 8094K, committed 8320K, reserved 1048576K
}
Event: 39.438 GC heap after
{Heap after GC invocations=22 (full 0):
 garbage-first heap   total 96256K, used 49642K [0x0000000741c00000, 0x0000000800000000)
  region size 2048K, 1 young (2048K), 1 survivors (2048K)
 Metaspace       used 58056K, committed 58496K, reserved 1114112K
  class space    used 8094K, committed 8320K, reserved 1048576K
}
Event: 39.492 GC heap before
{Heap before GC invocations=23 (full 0):
 garbage-first heap   total 100352K, used 55786K [0x0000000741c00000, 0x0000000800000000)
  region size 2048K, 2 young (4096K), 1 survivors (2048K)
 Metaspace       used 58082K, committed 58496K, reserved 1114112K
  class space    used 8094K, committed 8320K, reserved 1048576K
}
Event: 39.493 GC heap after
{Heap after GC invocations=24 (full 0):
 garbage-first heap   total 100352K, used 55917K [0x0000000741c00000, 0x0000000800000000)
  region size 2048K, 1 young (2048K), 1 survivors (2048K)
 Metaspace       used 58082K, committed 58496K, reserved 1114112K
  class space    used 8094K, committed 8320K, reserved 1048576K
}
Event: 48.944 GC heap before
{Heap before GC invocations=25 (full 0):
 garbage-first heap   total 110592K, used 82541K [0x0000000741c00000, 0x0000000800000000)
  region size 2048K, 11 young (22528K), 1 survivors (2048K)
 Metaspace       used 58172K, committed 58624K, reserved 1114112K
  class space    used 8099K, committed 8320K, reserved 1048576K
}
Event: 48.948 GC heap after
{Heap after GC invocations=26 (full 0):
 garbage-first heap   total 110592K, used 62960K [0x0000000741c00000, 0x0000000800000000)
  region size 2048K, 2 young (4096K), 2 survivors (4096K)
 Metaspace       used 58172K, committed 58624K, reserved 1114112K
  class space    used 8099K, committed 8320K, reserved 1048576K
}
Event: 52.995 GC heap before
{Heap before GC invocations=26 (full 0):
 garbage-first heap   total 110592K, used 65008K [0x0000000741c00000, 0x0000000800000000)
  region size 2048K, 4 young (8192K), 2 survivors (4096K)
 Metaspace       used 58649K, committed 59008K, reserved 1114112K
  class space    used 8172K, committed 8384K, reserved 1048576K
}
Event: 52.997 GC heap after
{Heap after GC invocations=27 (full 0):
 garbage-first heap   total 110592K, used 63425K [0x0000000741c00000, 0x0000000800000000)
  region size 2048K, 1 young (2048K), 1 survivors (2048K)
 Metaspace       used 58649K, committed 59008K, reserved 1114112K
  class space    used 8172K, committed 8384K, reserved 1048576K
}
Event: 53.047 GC heap before
{Heap before GC invocations=28 (full 0):
 garbage-first heap   total 116736K, used 65473K [0x0000000741c00000, 0x0000000800000000)
  region size 2048K, 2 young (4096K), 1 survivors (2048K)
 Metaspace       used 58662K, committed 59072K, reserved 1114112K
  class space    used 8172K, committed 8384K, reserved 1048576K
}
Event: 53.049 GC heap after
{Heap after GC invocations=29 (full 0):
 garbage-first heap   total 116736K, used 65986K [0x0000000741c00000, 0x0000000800000000)
  region size 2048K, 1 young (2048K), 1 survivors (2048K)
 Metaspace       used 58662K, committed 59072K, reserved 1114112K
  class space    used 8172K, committed 8384K, reserved 1048576K
}
Event: 53.100 GC heap before
{Heap before GC invocations=30 (full 0):
 garbage-first heap   total 126976K, used 72130K [0x0000000741c00000, 0x0000000800000000)
  region size 2048K, 2 young (4096K), 1 survivors (2048K)
 Metaspace       used 58693K, committed 59136K, reserved 1114112K
  class space    used 8172K, committed 8384K, reserved 1048576K
}
Event: 53.102 GC heap after
{Heap after GC invocations=31 (full 0):
 garbage-first heap   total 126976K, used 73284K [0x0000000741c00000, 0x0000000800000000)
  region size 2048K, 2 young (4096K), 2 survivors (4096K)
 Metaspace       used 58693K, committed 59136K, reserved 1114112K
  class space    used 8172K, committed 8384K, reserved 1048576K
}
Event: 53.194 GC heap before
{Heap before GC invocations=32 (full 0):
 garbage-first heap   total 137216K, used 81476K [0x0000000741c00000, 0x0000000800000000)
  region size 2048K, 4 young (8192K), 2 survivors (4096K)
 Metaspace       used 58723K, committed 59136K, reserved 1114112K
  class space    used 8172K, committed 8384K, reserved 1048576K
}
Event: 53.197 GC heap after
{Heap after GC invocations=33 (full 0):
 garbage-first heap   total 137216K, used 81081K [0x0000000741c00000, 0x0000000800000000)
  region size 2048K, 2 young (4096K), 2 survivors (4096K)
 Metaspace       used 58723K, committed 59136K, reserved 1114112K
  class space    used 8172K, committed 8384K, reserved 1048576K
}
Event: 53.280 GC heap before
{Heap before GC invocations=34 (full 0):
 garbage-first heap   total 147456K, used 87225K [0x0000000741c00000, 0x0000000800000000)
  region size 2048K, 3 young (6144K), 2 survivors (4096K)
 Metaspace       used 58752K, committed 59200K, reserved 1114112K
  class space    used 8172K, committed 8384K, reserved 1048576K
}
Event: 53.283 GC heap after
{Heap after GC invocations=35 (full 0):
 garbage-first heap   total 147456K, used 87010K [0x0000000741c00000, 0x0000000800000000)
  region size 2048K, 1 young (2048K), 1 survivors (2048K)
 Metaspace       used 58752K, committed 59200K, reserved 1114112K
  class space    used 8172K, committed 8384K, reserved 1048576K
}
Event: 53.361 GC heap before
{Heap before GC invocations=36 (full 0):
 garbage-first heap   total 161792K, used 93154K [0x0000000741c00000, 0x0000000800000000)
  region size 2048K, 2 young (4096K), 1 survivors (2048K)
 Metaspace       used 58768K, committed 59200K, reserved 1114112K
  class space    used 8172K, committed 8384K, reserved 1048576K
}
Event: 53.363 GC heap after
{Heap after GC invocations=37 (full 0):
 garbage-first heap   total 161792K, used 93266K [0x0000000741c00000, 0x0000000800000000)
  region size 2048K, 1 young (2048K), 1 survivors (2048K)
 Metaspace       used 58768K, committed 59200K, reserved 1114112K
  class space    used 8172K, committed 8384K, reserved 1048576K
}
Event: 60.726 GC heap before
{Heap before GC invocations=38 (full 0):
 garbage-first heap   total 172032K, used 103506K [0x0000000741c00000, 0x0000000800000000)
  region size 2048K, 4 young (8192K), 1 survivors (2048K)
 Metaspace       used 58975K, committed 59392K, reserved 1114112K
  class space    used 8173K, committed 8384K, reserved 1048576K
}
Event: 60.730 GC heap after
{Heap after GC invocations=39 (full 0):
 garbage-first heap   total 344064K, used 101043K [0x0000000741c00000, 0x0000000800000000)
  region size 2048K, 2 young (4096K), 2 survivors (4096K)
 Metaspace       used 58975K, committed 59392K, reserved 1114112K
  class space    used 8173K, committed 8384K, reserved 1048576K
}

Deoptimization events (20 events):
Event: 71.501 Thread 0x0000020af694a6b0 DEOPT PACKING pc=0x0000020a9efbb8fc sp=0x000000aa86efdef0
Event: 71.501 Thread 0x0000020af694a6b0 DEOPT UNPACKING pc=0x0000020a9ea223a3 sp=0x000000aa86efde30 mode 2
Event: 72.047 Thread 0x0000020af694a6b0 Uncommon trap: trap_request=0xffffffbe fr.pc=0x0000020a9f341004 relative=0x0000000000005be4
Event: 72.047 Thread 0x0000020af694a6b0 Uncommon trap: reason=profile_predicate action=maybe_recompile pc=0x0000020a9f341004 method=javafx.scene.CssStyleHelper.transitionToState(Ljavafx/scene/Node;)V @ 291 c2
Event: 72.047 Thread 0x0000020af694a6b0 DEOPT PACKING pc=0x0000020a9f341004 sp=0x000000aa86efe300
Event: 72.047 Thread 0x0000020af694a6b0 DEOPT UNPACKING pc=0x0000020a9ea223a3 sp=0x000000aa86efe278 mode 2
Event: 72.047 Thread 0x0000020af694a6b0 Uncommon trap: trap_request=0xffffffbe fr.pc=0x0000020a9f341004 relative=0x0000000000005be4
Event: 72.047 Thread 0x0000020af694a6b0 Uncommon trap: reason=profile_predicate action=maybe_recompile pc=0x0000020a9f341004 method=javafx.scene.CssStyleHelper.transitionToState(Ljavafx/scene/Node;)V @ 291 c2
Event: 72.047 Thread 0x0000020af694a6b0 DEOPT PACKING pc=0x0000020a9f341004 sp=0x000000aa86efdac0
Event: 72.047 Thread 0x0000020af694a6b0 DEOPT UNPACKING pc=0x0000020a9ea223a3 sp=0x000000aa86efda38 mode 2
Event: 72.048 Thread 0x0000020af694a6b0 Uncommon trap: trap_request=0xffffffbe fr.pc=0x0000020a9f341004 relative=0x0000000000005be4
Event: 72.048 Thread 0x0000020af694a6b0 Uncommon trap: reason=profile_predicate action=maybe_recompile pc=0x0000020a9f341004 method=javafx.scene.CssStyleHelper.transitionToState(Ljavafx/scene/Node;)V @ 291 c2
Event: 72.048 Thread 0x0000020af694a6b0 DEOPT PACKING pc=0x0000020a9f341004 sp=0x000000aa86efdac0
Event: 72.048 Thread 0x0000020af694a6b0 DEOPT UNPACKING pc=0x0000020a9ea223a3 sp=0x000000aa86efda38 mode 2
Event: 72.048 Thread 0x0000020af694a6b0 Uncommon trap: trap_request=0xffffffbe fr.pc=0x0000020a9f341004 relative=0x0000000000005be4
Event: 72.048 Thread 0x0000020af694a6b0 Uncommon trap: reason=profile_predicate action=maybe_recompile pc=0x0000020a9f341004 method=javafx.scene.CssStyleHelper.transitionToState(Ljavafx/scene/Node;)V @ 291 c2
Event: 72.048 Thread 0x0000020af694a6b0 DEOPT PACKING pc=0x0000020a9f341004 sp=0x000000aa86efdac0
Event: 72.048 Thread 0x0000020af694a6b0 DEOPT UNPACKING pc=0x0000020a9ea223a3 sp=0x000000aa86efda38 mode 2
Event: 72.051 Thread 0x0000020af67eafa0 DEOPT PACKING pc=0x0000020a978addac sp=0x000000aa86cfecb0
Event: 72.052 Thread 0x0000020af67eafa0 DEOPT UNPACKING pc=0x0000020a9ea22b43 sp=0x000000aa86cfe078 mode 0

Classes unloaded (0 events):
No events

Classes redefined (0 events):
No events

Internal exceptions (20 events):
Event: 34.129 Thread 0x0000020af694a6b0 Exception <a 'sun/nio/fs/WindowsException'{0x000000074b0698d0}> (0x000000074b0698d0) 
thrown [s\open\src\hotspot\share\prims\jni.cpp, line 516]
Event: 34.130 Thread 0x0000020af694a6b0 Exception <a 'sun/nio/fs/WindowsException'{0x000000074b06d4f0}> (0x000000074b06d4f0) 
thrown [s\open\src\hotspot\share\prims\jni.cpp, line 516]
Event: 34.130 Thread 0x0000020af694a6b0 Exception <a 'sun/nio/fs/WindowsException'{0x000000074b06f2e0}> (0x000000074b06f2e0) 
thrown [s\open\src\hotspot\share\prims\jni.cpp, line 516]
Event: 34.131 Thread 0x0000020af694a6b0 Exception <a 'sun/nio/fs/WindowsException'{0x000000074b070898}> (0x000000074b070898) 
thrown [s\open\src\hotspot\share\prims\jni.cpp, line 516]
Event: 34.142 Thread 0x0000020af694a6b0 Exception <a 'sun/nio/fs/WindowsException'{0x000000074b0b7de8}> (0x000000074b0b7de8) 
thrown [s\open\src\hotspot\share\prims\jni.cpp, line 516]
Event: 34.201 Thread 0x0000020af694a6b0 Exception <a 'java/lang/NoSuchMethodError'{0x0000000744e2c4f0}: 'void java.lang.invoke.DirectMethodHandle$Holder.invokeInterface(java.lang.Object, java.lang.Object, java.lang.Object, java.lang.Object)'> (0x0000000744e2c4f0) 
thrown [s\open\src\hotspot\share\interpreter\linkResolver.cpp, line 759]
Event: 35.032 Thread 0x0000020af694a6b0 Exception <a 'java/lang/NoSuchMethodError'{0x0000000744c2c580}: 'int java.lang.invoke.DirectMethodHandle$Holder.invokeVirtual(java.lang.Object, java.lang.Object)'> (0x0000000744c2c580) 
thrown [s\open\src\hotspot\share\interpreter\linkResolver.cpp, line 759]
Event: 35.039 Thread 0x0000020af694a6b0 Exception <a 'java/lang/NoSuchMethodError'{0x0000000744c7a9e8}: 'java.lang.Object java.lang.invoke.DirectMethodHandle$Holder.invokeSpecial(java.lang.Object, java.lang.Object, java.lang.Object, java.lang.Object, java.lang.Object, java.lang.Object, java.lang.Object, java.lang.Object, java.lang.Object)'> (0x0000000744c7a9e8) 
thrown [s\open\src\hotspot\share\interpreter\linkResolver.cpp, line 759]
Event: 35.196 Thread 0x0000020af694a6b0 Exception <a 'java/lang/IncompatibleClassChangeError'{0x0000000744ad4010}: Found class java.lang.Object, but interface was expected> (0x0000000744ad4010) 
thrown [s\open\src\hotspot\share\interpreter\linkResolver.cpp, line 826]
Event: 41.207 Thread 0x0000020af694a6b0 Exception <a 'java/lang/NoSuchMethodError'{0x000000074b064830}: 'java.lang.Object java.lang.invoke.DirectMethodHandle$Holder.newInvokeSpecial(java.lang.Object, java.lang.Object, java.lang.Object, double, double, double, double, int, int, int, int, int, int, int, int, int)'> (0x000000074b064830) 
thrown [s\open\src\hotspot\share\interpreter\linkResolver.cpp, line 759]
Event: 52.541 Thread 0x0000020af694a6b0 Exception <a 'java/lang/NoSuchMethodError'{0x000000074dbe4970}: 'void java.lang.invoke.DirectMethodHandle$Holder.invokeSpecial(java.lang.Object, java.lang.Object, int, java.lang.Object, java.lang.Object, java.lang.Object, java.lang.Object)'> (0x000000074dbe4970) 
thrown [s\open\src\hotspot\share\interpreter\linkResolver.cpp, line 759]
Event: 52.570 Thread 0x0000020af694a6b0 Exception <a 'java/lang/NoSuchMethodError'{0x000000074b8bf440}: 'java.lang.Object java.lang.invoke.DirectMethodHandle$Holder.invokeInterface(java.lang.Object, java.lang.Object, java.lang.Object, java.lang.Object)'> (0x000000074b8bf440) 
thrown [s\open\src\hotspot\share\interpreter\linkResolver.cpp, line 759]
Event: 52.571 Thread 0x0000020af694a6b0 Exception <a 'java/lang/NoSuchMethodError'{0x000000074b8cae90}: 'java.lang.Object java.lang.invoke.DirectMethodHandle$Holder.invokeStatic(java.lang.Object, int, java.lang.Object, java.lang.Object)'> (0x000000074b8cae90) 
thrown [s\open\src\hotspot\share\interpreter\linkResolver.cpp, line 759]
Event: 52.572 Thread 0x0000020af694a6b0 Exception <a 'java/lang/NoSuchMethodError'{0x000000074b8d2468}: 'java.lang.Object java.lang.invoke.DirectMethodHandle$Holder.newInvokeSpecial(java.lang.Object, int, java.lang.Object)'> (0x000000074b8d2468) 
thrown [s\open\src\hotspot\share\interpreter\linkResolver.cpp, line 759]
Event: 53.503 Thread 0x0000020af67eafa0 Implicit null exception at 0x0000020a9f2af8a5 to 0x0000020a9f2b2324
Event: 63.478 Thread 0x0000020af67eafa0 Implicit null exception at 0x0000020a9f28e350 to 0x0000020a9f28e3c0
Event: 71.538 Thread 0x0000020af694a6b0 Exception <a 'java/lang/NoSuchMethodError'{0x00000007567cf4b0}: 'void java.lang.invoke.DirectMethodHandle$Holder.invokeStatic(java.lang.Object, long)'> (0x00000007567cf4b0) 
thrown [s\open\src\hotspot\share\interpreter\linkResolver.cpp, line 759]
Event: 71.539 Thread 0x0000020af694a6b0 Exception <a 'java/lang/NoSuchMethodError'{0x00000007567d4b08}: 'java.lang.Object java.lang.invoke.DirectMethodHandle$Holder.newInvokeSpecial(java.lang.Object, long)'> (0x00000007567d4b08) 
thrown [s\open\src\hotspot\share\interpreter\linkResolver.cpp, line 759]
Event: 71.541 Thread 0x0000020af694a6b0 Exception <a 'java/lang/NoSuchMethodError'{0x00000007567dbef0}: 'java.lang.Object java.lang.invoke.DirectMethodHandle$Holder.invokeStatic(java.lang.Object, java.lang.Object, long, java.lang.Object)'> (0x00000007567dbef0) 
thrown [s\open\src\hotspot\share\interpreter\linkResolver.cpp, line 759]
Event: 71.541 Thread 0x0000020af694a6b0 Exception <a 'java/lang/NoSuchMethodError'{0x00000007567df988}: 'java.lang.Object java.lang.invoke.DirectMethodHandle$Holder.invokeStaticInit(java.lang.Object, java.lang.Object, long, java.lang.Object)'> (0x00000007567df988) 
thrown [s\open\src\hotspot\share\interpreter\linkResolver.cpp, line 759]

VM Operations (20 events):
Event: 60.726 Executing VM operation: G1TryInitiateConcMark
Event: 60.730 Executing VM operation: G1TryInitiateConcMark done
Event: 61.730 Executing VM operation: Cleanup
Event: 61.731 Executing VM operation: Cleanup done
Event: 63.731 Executing VM operation: Cleanup
Event: 63.731 Executing VM operation: Cleanup done
Event: 64.731 Executing VM operation: Cleanup
Event: 64.732 Executing VM operation: Cleanup done
Event: 66.732 Executing VM operation: Cleanup
Event: 66.732 Executing VM operation: Cleanup done
Event: 68.732 Executing VM operation: Cleanup
Event: 68.733 Executing VM operation: Cleanup done
Event: 71.542 Executing VM operation: HandshakeAllThreads
Event: 71.542 Executing VM operation: HandshakeAllThreads done
Event: 71.542 Executing VM operation: Cleanup
Event: 71.543 Executing VM operation: Cleanup done
Event: 71.544 Executing VM operation: HandshakeAllThreads
Event: 71.544 Executing VM operation: HandshakeAllThreads done
Event: 72.544 Executing VM operation: Cleanup
Event: 72.544 Executing VM operation: Cleanup done

Events (20 events):
Event: 71.524 loading class java/lang/ProcessImpl
Event: 71.525 loading class java/lang/ProcessImpl done
Event: 71.539 loading class java/lang/ProcessHandleImpl
Event: 71.540 loading class java/lang/ProcessHandle
Event: 71.540 loading class java/lang/ProcessHandle done
Event: 71.540 loading class java/lang/ProcessHandleImpl done
Event: 71.541 loading class java/util/concurrent/SynchronousQueue
Event: 71.541 loading class java/util/concurrent/SynchronousQueue done
Event: 71.542 loading class java/util/concurrent/SynchronousQueue$TransferStack
Event: 71.542 loading class java/util/concurrent/SynchronousQueue$Transferer
Event: 71.542 loading class java/util/concurrent/SynchronousQueue$Transferer done
Event: 71.542 loading class java/util/concurrent/SynchronousQueue$TransferStack done
Event: 71.542 loading class java/util/concurrent/SynchronousQueue$TransferStack$SNode
Event: 71.542 loading class java/util/concurrent/SynchronousQueue$TransferStack$SNode done
Event: 71.543 loading class java/lang/ProcessImpl$2
Event: 71.543 loading class java/lang/ProcessImpl$2 done
Event: 71.543 loading class java/lang/Process$PipeInputStream
Event: 71.543 loading class java/lang/Process$PipeInputStream done
Event: 71.544 loading class jdk/internal/event/ProcessStartEvent
Event: 71.544 loading class jdk/internal/event/ProcessStartEvent done


Dynamic libraries:
0x00007ff750d00000 - 0x00007ff750d10000 	C:\Program Files\Java\jdk-17\bin\java.exe
0x00007ff943fd0000 - 0x00007ff9441e7000 	C:\WINDOWS\SYSTEM32\ntdll.dll
0x00007ff941fa0000 - 0x00007ff942064000 	C:\WINDOWS\System32\KERNEL32.DLL
0x00007ff941720000 - 0x00007ff941acd000 	C:\WINDOWS\System32\KERNELBASE.dll
0x00007ff941be0000 - 0x00007ff941cf1000 	C:\WINDOWS\System32\ucrtbase.dll
0x00007ff923de0000 - 0x00007ff923df9000 	C:\Program Files\Java\jdk-17\bin\jli.dll
0x00007ff922c20000 - 0x00007ff922c3b000 	C:\Program Files\Java\jdk-17\bin\VCRUNTIME140.dll
0x00007ff943500000 - 0x00007ff9435b2000 	C:\WINDOWS\System32\ADVAPI32.dll
0x00007ff941e40000 - 0x00007ff941ee7000 	C:\WINDOWS\System32\msvcrt.dll
0x00007ff943100000 - 0x00007ff9431a9000 	C:\WINDOWS\System32\sechost.dll
0x00007ff9414d0000 - 0x00007ff9414f8000 	C:\WINDOWS\System32\bcrypt.dll
0x00007ff942320000 - 0x00007ff942434000 	C:\WINDOWS\System32\RPCRT4.dll
0x00007ff942960000 - 0x00007ff942b0e000 	C:\WINDOWS\System32\USER32.dll
0x00007ff9251f0000 - 0x00007ff925483000 	C:\WINDOWS\WinSxS\amd64_microsoft.windows.common-controls_6595b64144ccf1df_6.0.22621.3672_none_2713b9d173822955\COMCTL32.dll
0x00007ff941500000 - 0x00007ff941526000 	C:\WINDOWS\System32\win32u.dll
0x00007ff9421d0000 - 0x00007ff9421f9000 	C:\WINDOWS\System32\GDI32.dll
0x00007ff9412f0000 - 0x00007ff941409000 	C:\WINDOWS\System32\gdi32full.dll
0x00007ff939920000 - 0x00007ff93992a000 	C:\WINDOWS\SYSTEM32\VERSION.dll
0x00007ff941ad0000 - 0x00007ff941b6a000 	C:\WINDOWS\System32\msvcp_win.dll
0x00007ff943060000 - 0x00007ff943091000 	C:\WINDOWS\System32\IMM32.DLL
0x00007ff9269b0000 - 0x00007ff9269bc000 	C:\Program Files\Java\jdk-17\bin\vcruntime140_1.dll
0x00007ff920b50000 - 0x00007ff920bde000 	C:\Program Files\Java\jdk-17\bin\msvcp140.dll
0x00007ff8d8fd0000 - 0x00007ff8d9baf000 	C:\Program Files\Java\jdk-17\bin\server\jvm.dll
0x00007ff942ea0000 - 0x00007ff942ea8000 	C:\WINDOWS\System32\PSAPI.DLL
0x00007ff91f6b0000 - 0x00007ff91f6e4000 	C:\WINDOWS\SYSTEM32\WINMM.dll
0x00007ff93da50000 - 0x00007ff93da59000 	C:\WINDOWS\SYSTEM32\WSOCK32.dll
0x00007ff941d10000 - 0x00007ff941d81000 	C:\WINDOWS\System32\WS2_32.dll
0x00007ff9402e0000 - 0x00007ff9402f8000 	C:\WINDOWS\SYSTEM32\kernel.appcore.dll
0x00007ff923dd0000 - 0x00007ff923dda000 	C:\Program Files\Java\jdk-17\bin\jimage.dll
0x00007ff93f710000 - 0x00007ff93f942000 	C:\WINDOWS\SYSTEM32\DBGHELP.DLL
0x00007ff942b10000 - 0x00007ff942e9d000 	C:\WINDOWS\System32\combase.dll
0x00007ff9420f0000 - 0x00007ff9421c7000 	C:\WINDOWS\System32\OLEAUT32.dll
0x00007ff92c630000 - 0x00007ff92c662000 	C:\WINDOWS\SYSTEM32\dbgcore.DLL
0x00007ff9416a0000 - 0x00007ff94171b000 	C:\WINDOWS\System32\bcryptPrimitives.dll
0x00007ff922b70000 - 0x00007ff922b7e000 	C:\Program Files\Java\jdk-17\bin\instrument.dll
0x00007ff922bc0000 - 0x00007ff922be5000 	C:\Program Files\Java\jdk-17\bin\java.dll
0x00007ff903b40000 - 0x00007ff903c17000 	C:\Program Files\Java\jdk-17\bin\jsvml.dll
0x00007ff9435c0000 - 0x00007ff943e28000 	C:\WINDOWS\System32\SHELL32.dll
0x00007ff93ed60000 - 0x00007ff93f65e000 	C:\WINDOWS\SYSTEM32\windows.storage.dll
0x00007ff93ec20000 - 0x00007ff93ed5f000 	C:\WINDOWS\SYSTEM32\wintypes.dll
0x00007ff942220000 - 0x00007ff942319000 	C:\WINDOWS\System32\SHCORE.dll
0x00007ff9434a0000 - 0x00007ff9434fe000 	C:\WINDOWS\System32\shlwapi.dll
0x00007ff941220000 - 0x00007ff941241000 	C:\WINDOWS\SYSTEM32\profapi.dll
0x00007ff922950000 - 0x00007ff922969000 	C:\Program Files\Java\jdk-17\bin\net.dll
0x00007ff93d160000 - 0x00007ff93d296000 	C:\WINDOWS\SYSTEM32\WINHTTP.dll
0x00007ff940740000 - 0x00007ff9407a9000 	C:\WINDOWS\system32\mswsock.dll
0x00007ff922930000 - 0x00007ff922946000 	C:\Program Files\Java\jdk-17\bin\nio.dll
0x00007ff9228a0000 - 0x00007ff9228b8000 	C:\Program Files\Java\jdk-17\bin\zip.dll
0x00007ff922880000 - 0x00007ff92289a000 	C:\Program Files\JetBrains\IntelliJ IDEA 2023.3.3\bin\breakgen64.dll
0x0000020a8dbf0000 - 0x0000020a8dbf3000 	C:\Users\Usuario\.openjfx\cache\17.0.2-ea\api-ms-win-core-console-l1-1-0.dll
0x0000020a8dc00000 - 0x0000020a8dc03000 	C:\Users\Usuario\.openjfx\cache\17.0.2-ea\api-ms-win-core-console-l1-2-0.dll
0x0000020a8fb10000 - 0x0000020a8fb13000 	C:\Users\Usuario\.openjfx\cache\17.0.2-ea\api-ms-win-core-datetime-l1-1-0.dll
0x0000020a8fb20000 - 0x0000020a8fb23000 	C:\Users\Usuario\.openjfx\cache\17.0.2-ea\api-ms-win-core-debug-l1-1-0.dll
0x0000020a8fb30000 - 0x0000020a8fb33000 	C:\Users\Usuario\.openjfx\cache\17.0.2-ea\api-ms-win-core-errorhandling-l1-1-0.dll
0x0000020a8fb40000 - 0x0000020a8fb44000 	C:\Users\Usuario\.openjfx\cache\17.0.2-ea\api-ms-win-core-file-l1-1-0.dll
0x0000020a8fb50000 - 0x0000020a8fb53000 	C:\Users\Usuario\.openjfx\cache\17.0.2-ea\api-ms-win-core-file-l1-2-0.dll
0x0000020a8fb60000 - 0x0000020a8fb63000 	C:\Users\Usuario\.openjfx\cache\17.0.2-ea\api-ms-win-core-file-l2-1-0.dll
0x0000020a8fb70000 - 0x0000020a8fb73000 	C:\Users\Usuario\.openjfx\cache\17.0.2-ea\api-ms-win-core-handle-l1-1-0.dll
0x0000020a8fb80000 - 0x0000020a8fb83000 	C:\Users\Usuario\.openjfx\cache\17.0.2-ea\api-ms-win-core-heap-l1-1-0.dll
0x0000020a8fb90000 - 0x0000020a8fb93000 	C:\Users\Usuario\.openjfx\cache\17.0.2-ea\api-ms-win-core-interlocked-l1-1-0.dll
0x0000020a8fba0000 - 0x0000020a8fba3000 	C:\Users\Usuario\.openjfx\cache\17.0.2-ea\api-ms-win-core-libraryloader-l1-1-0.dll
0x0000020a8fbb0000 - 0x0000020a8fbb3000 	C:\Users\Usuario\.openjfx\cache\17.0.2-ea\api-ms-win-core-localization-l1-2-0.dll
0x0000020ab08a0000 - 0x0000020ab08a3000 	C:\Users\Usuario\.openjfx\cache\17.0.2-ea\api-ms-win-core-memory-l1-1-0.dll
0x0000020ab08b0000 - 0x0000020ab08b3000 	C:\Users\Usuario\.openjfx\cache\17.0.2-ea\api-ms-win-core-namedpipe-l1-1-0.dll
0x0000020ab08c0000 - 0x0000020ab08c3000 	C:\Users\Usuario\.openjfx\cache\17.0.2-ea\api-ms-win-core-processenvironment-l1-1-0.dll
0x0000020ab08d0000 - 0x0000020ab08d3000 	C:\Users\Usuario\.openjfx\cache\17.0.2-ea\api-ms-win-core-processthreads-l1-1-0.dll
0x0000020ab08e0000 - 0x0000020ab08e3000 	C:\Users\Usuario\.openjfx\cache\17.0.2-ea\api-ms-win-core-processthreads-l1-1-1.dll
0x0000020ab08f0000 - 0x0000020ab08f3000 	C:\Users\Usuario\.openjfx\cache\17.0.2-ea\api-ms-win-core-profile-l1-1-0.dll
0x0000020ab0900000 - 0x0000020ab0903000 	C:\Users\Usuario\.openjfx\cache\17.0.2-ea\api-ms-win-core-rtlsupport-l1-1-0.dll
0x0000020ab0910000 - 0x0000020ab0913000 	C:\Users\Usuario\.openjfx\cache\17.0.2-ea\api-ms-win-core-string-l1-1-0.dll
0x0000020ab0920000 - 0x0000020ab0923000 	C:\Users\Usuario\.openjfx\cache\17.0.2-ea\api-ms-win-core-synch-l1-1-0.dll
0x0000020ab0930000 - 0x0000020ab0933000 	C:\Users\Usuario\.openjfx\cache\17.0.2-ea\api-ms-win-core-synch-l1-2-0.dll
0x0000020ab0940000 - 0x0000020ab0943000 	C:\Users\Usuario\.openjfx\cache\17.0.2-ea\api-ms-win-core-sysinfo-l1-1-0.dll
0x0000020ab0950000 - 0x0000020ab0953000 	C:\Users\Usuario\.openjfx\cache\17.0.2-ea\api-ms-win-core-timezone-l1-1-0.dll
0x0000020ab0960000 - 0x0000020ab0963000 	C:\Users\Usuario\.openjfx\cache\17.0.2-ea\api-ms-win-core-util-l1-1-0.dll
0x0000020ab0970000 - 0x0000020ab0973000 	C:\Users\Usuario\.openjfx\cache\17.0.2-ea\api-ms-win-crt-conio-l1-1-0.dll
0x0000020ab0980000 - 0x0000020ab0984000 	C:\Users\Usuario\.openjfx\cache\17.0.2-ea\api-ms-win-crt-convert-l1-1-0.dll
0x0000020ab0990000 - 0x0000020ab0993000 	C:\Users\Usuario\.openjfx\cache\17.0.2-ea\api-ms-win-crt-environment-l1-1-0.dll
0x0000020ab09a0000 - 0x0000020ab09a3000 	C:\Users\Usuario\.openjfx\cache\17.0.2-ea\api-ms-win-crt-filesystem-l1-1-0.dll
0x0000020ab09b0000 - 0x0000020ab09b3000 	C:\Users\Usuario\.openjfx\cache\17.0.2-ea\api-ms-win-crt-heap-l1-1-0.dll
0x0000020ab09c0000 - 0x0000020ab09c3000 	C:\Users\Usuario\.openjfx\cache\17.0.2-ea\api-ms-win-crt-locale-l1-1-0.dll
0x0000020ab09d0000 - 0x0000020ab09d5000 	C:\Users\Usuario\.openjfx\cache\17.0.2-ea\api-ms-win-crt-math-l1-1-0.dll
0x0000020ab09e0000 - 0x0000020ab09e5000 	C:\Users\Usuario\.openjfx\cache\17.0.2-ea\api-ms-win-crt-multibyte-l1-1-0.dll
0x0000020ab09f0000 - 0x0000020ab0a00000 	C:\Users\Usuario\.openjfx\cache\17.0.2-ea\api-ms-win-crt-private-l1-1-0.dll
0x0000020ab0a00000 - 0x0000020ab0a03000 	C:\Users\Usuario\.openjfx\cache\17.0.2-ea\api-ms-win-crt-process-l1-1-0.dll
0x0000020ab0a10000 - 0x0000020ab0a14000 	C:\Users\Usuario\.openjfx\cache\17.0.2-ea\api-ms-win-crt-runtime-l1-1-0.dll
0x0000020ab0a20000 - 0x0000020ab0a24000 	C:\Users\Usuario\.openjfx\cache\17.0.2-ea\api-ms-win-crt-stdio-l1-1-0.dll
0x0000020ab0a30000 - 0x0000020ab0a34000 	C:\Users\Usuario\.openjfx\cache\17.0.2-ea\api-ms-win-crt-string-l1-1-0.dll
0x0000020ab0a40000 - 0x0000020ab0a43000 	C:\Users\Usuario\.openjfx\cache\17.0.2-ea\api-ms-win-crt-time-l1-1-0.dll
0x0000020ab0a50000 - 0x0000020ab0a53000 	C:\Users\Usuario\.openjfx\cache\17.0.2-ea\api-ms-win-crt-utility-l1-1-0.dll
0x00007ff8ff7e0000 - 0x00007ff8ff8dc000 	C:\Users\Usuario\.openjfx\cache\17.0.2-ea\ucrtbase.dll
0x00007ff922720000 - 0x00007ff92273a000 	C:\Users\Usuario\.openjfx\cache\17.0.2-ea\vcruntime140.dll
0x00007ff922710000 - 0x00007ff92271c000 	C:\Users\Usuario\.openjfx\cache\17.0.2-ea\vcruntime140_1.dll
0x00007ff90c8a0000 - 0x00007ff90c92d000 	C:\Users\Usuario\.openjfx\cache\17.0.2-ea\msvcp140.dll
0x00007ff9218b0000 - 0x00007ff9218da000 	C:\Users\Usuario\.openjfx\cache\17.0.2-ea\prism_d3d.dll
0x00007ff8fac00000 - 0x00007ff8fada8000 	C:\WINDOWS\system32\d3d9.dll
0x00007ff93e7b0000 - 0x00007ff93e7db000 	C:\WINDOWS\SYSTEM32\dwmapi.dll
0x00007ff93e470000 - 0x00007ff93e4a7000 	C:\WINDOWS\SYSTEM32\dxcore.dll
0x00007ff93e260000 - 0x00007ff93e310000 	C:\WINDOWS\system32\uxtheme.dll
0x00007ff8faa50000 - 0x00007ff8fabff000 	C:\WINDOWS\System32\DriverStore\FileRepository\iigd_dch.inf_amd64_51f685305808e3a5\igdumdim64.dll
0x00007ff942eb0000 - 0x00007ff943055000 	C:\WINDOWS\System32\ole32.dll
0x00007ff8ce090000 - 0x00007ff8d1133000 	C:\WINDOWS\System32\DriverStore\FileRepository\iigd_dch.inf_amd64_51f685305808e3a5\igd9dxva64.dll
0x00007ff942440000 - 0x00007ff9428b4000 	C:\WINDOWS\System32\SETUPAPI.dll
0x00007ff940f80000 - 0x00007ff940fce000 	C:\WINDOWS\SYSTEM32\cfgmgr32.dll
0x00007ff92ad70000 - 0x00007ff92b179000 	C:\WINDOWS\System32\DriverStore\FileRepository\iigd_dch.inf_amd64_51f685305808e3a5\igdgmm64.dll
0x00007ff9388c0000 - 0x00007ff938909000 	C:\WINDOWS\SYSTEM32\directxdatabasehelper.dll
0x00007ff921130000 - 0x00007ff921172000 	C:\Users\Usuario\.openjfx\cache\17.0.2-ea\glass.dll
0x00007ff9431d0000 - 0x00007ff9432cf000 	C:\WINDOWS\System32\COMDLG32.dll
0x00007ff943e30000 - 0x00007ff943f8b000 	C:\WINDOWS\System32\MSCTF.dll
0x00007ff90c0a0000 - 0x00007ff90c0c7000 	C:\WINDOWS\System32\DriverStore\FileRepository\iigd_dch.inf_amd64_51f685305808e3a5\igdinfo64.dll
0x00007ff926da0000 - 0x00007ff92a534000 	C:\WINDOWS\System32\DriverStore\FileRepository\iigd_dch.inf_amd64_51f685305808e3a5\igc64.dll
0x00007ff921410000 - 0x00007ff921424000 	C:\Users\Usuario\.openjfx\cache\17.0.2-ea\javafx_font.dll
0x00007ff93a900000 - 0x00007ff93ab73000 	C:\WINDOWS\SYSTEM32\dwrite.dll
0x00007ff941ef0000 - 0x00007ff941fa0000 	C:\WINDOWS\System32\clbcatq.dll
0x00007ff93dab0000 - 0x00007ff93dc61000 	C:\WINDOWS\SYSTEM32\WindowsCodecs.dll
0x00007ff933f40000 - 0x00007ff933f9e000 	C:\WINDOWS\system32\dataexchange.dll
0x00007ff93bd50000 - 0x00007ff93bfda000 	C:\WINDOWS\system32\twinapi.appcore.dll
0x00007ff921280000 - 0x00007ff9212b2000 	C:\Program Files\Common Files\Microsoft Shared\Ink\rtscom.dll
0x00007ff92fb00000 - 0x00007ff92fc4e000 	C:\WINDOWS\SYSTEM32\textinputframework.dll
0x00007ff93cf80000 - 0x00007ff93d0b3000 	C:\WINDOWS\SYSTEM32\CoreMessaging.dll
0x00007ff935d90000 - 0x00007ff9360fd000 	C:\WINDOWS\SYSTEM32\CoreUIComponents.dll
0x00007ff940940000 - 0x00007ff94094c000 	C:\WINDOWS\SYSTEM32\CRYPTBASE.DLL
0x00007ff9409e0000 - 0x00007ff9409fb000 	C:\WINDOWS\SYSTEM32\CRYPTSP.dll
0x00007ff940240000 - 0x00007ff940275000 	C:\WINDOWS\system32\rsaenh.dll
0x00007ff9407e0000 - 0x00007ff940808000 	C:\WINDOWS\SYSTEM32\USERENV.dll
0x00007ff93fd40000 - 0x00007ff93fd6d000 	C:\WINDOWS\SYSTEM32\IPHLPAPI.DLL
0x00007ff9428c0000 - 0x00007ff9428c9000 	C:\WINDOWS\System32\NSI.dll
0x00007ff93bbc0000 - 0x00007ff93bbd9000 	C:\WINDOWS\SYSTEM32\dhcpcsvc6.DLL

dbghelp: loaded successfully - version: 4.0.5 - missing functions: none
symbol engine: initialized successfully - sym options: 0x614 - pdb path: .;C:\Program Files\Java\jdk-17\bin;C:\WINDOWS\SYSTEM32;C:\WINDOWS\WinSxS\amd64_microsoft.windows.common-controls_6595b64144ccf1df_6.0.22621.3672_none_2713b9d173822955;C:\Program Files\Java\jdk-17\bin\server;C:\Program Files\JetBrains\IntelliJ IDEA 2023.3.3\bin;C:\Users\Usuario\.openjfx\cache\17.0.2-ea;C:\WINDOWS\System32\DriverStore\FileRepository\iigd_dch.inf_amd64_51f685305808e3a5;C:\Program Files\Common Files\Microsoft Shared\Ink

VM Arguments:
jvm_args: -javaagent:C:\Program Files\JetBrains\IntelliJ IDEA 2023.3.3\lib\idea_rt.jar=51207:C:\Program Files\JetBrains\IntelliJ IDEA 2023.3.3\bin -Dfile.encoding=UTF-8 --module-path=C:\Users\Usuario\.m2\repository\org\openjfx\javafx-base\17.0.2\javafx-base-17.0.2-win.jar;C:\Users\Usuario\.m2\repository\org\hibernate\orm\hibernate-core\6.5.2.Final\hibernate-core-6.5.2.Final.jar;C:\Users\Usuario\.m2\repository\org\openjfx\javafx-graphics\17.0.2\javafx-graphics-17.0.2-win.jar;C:\Users\Usuario\.m2\repository\org\openjfx\javafx-controls\17.0.2\javafx-controls-17.0.2-win.jar;C:\Users\Usuario\Desktop\GitHub\projeto_so\acadConecta\target\classes;C:\Users\Usuario\.m2\repository\org\openjfx\javafx-fxml\17.0.2\javafx-fxml-17.0.2-win.jar;C:\Users\Usuario\.m2\repository\jakarta\persistence\jakarta.persistence-api\3.1.0\jakarta.persistence-api-3.1.0.jar -Djdk.module.main=org.code 
java_command: org.code/org.code.application.App
java_class_path (initial): C:\Users\Usuario\.m2\repository\org\openjfx\javafx-controls\17.0.2\javafx-controls-17.0.2.jar;C:\Users\Usuario\.m2\repository\org\openjfx\javafx-graphics\17.0.2\javafx-graphics-17.0.2.jar;C:\Users\Usuario\.m2\repository\org\openjfx\javafx-base\17.0.2\javafx-base-17.0.2.jar;C:\Users\Usuario\.m2\repository\org\openjfx\javafx-fxml\17.0.2\javafx-fxml-17.0.2.jar;C:\Users\Usuario\.m2\repository\jakarta\transaction\jakarta.transaction-api\2.0.1\jakarta.transaction-api-2.0.1.jar;C:\Users\Usuario\.m2\repository\org\jboss\logging\jboss-logging\3.5.0.Final\jboss-logging-3.5.0.Final.jar;C:\Users\Usuario\.m2\repository\org\hibernate\common\hibernate-commons-annotations\6.0.6.Final\hibernate-commons-annotations-6.0.6.Final.jar;C:\Users\Usuario\.m2\repository\io\smallrye\jandex\3.1.2\jandex-3.1.2.jar;C:\Users\Usuario\.m2\repository\com\fasterxml\classmate\1.5.1\classmate-1.5.1.jar;C:\Users\Usuario\.m2\repository\net\bytebuddy\byte-buddy\1.14.15\byte-buddy-1.14.15.jar;C:\Users\Usuario\.m2\repository\jakarta\xml\bind\jakarta.xml.bind-api\4.0.0\jakarta.xml.bind-api-4.0.0.jar;C:\Users\Usuario\.m2\repository\jakarta\activation\jakarta.activation-api\2.1.0\jakarta.activation-api-2.1.0.jar;C:\Users\Usuario\.m2\repository\org\glassfish\jaxb\jaxb-runtime\4.0.2\jaxb-runtime-4.0.2.jar;C:\Users\Usuario\.m2\repository\org\glassfish\jaxb\jaxb-core\4.0.2\jaxb-core-4.0.2.jar;C:\Users\Usuario\.m2\repository\org\eclipse\angus\angus-activation\2.0.0\angus-activation-2.0.0.jar;C:\Users\Usuario\.m2\repository\org\glassfish\jaxb\txw2\4.0.2\txw2-4.0.2.jar;C:\Users\Usuario\.m2\repository\com\sun\istack\istack-commons-runtime\4.1.1\istack-commons-runtime-4.1.1.jar;C:\Users\Usuario\.m2\repository\jakarta\inject\jakarta.inject-api\2.0.1\jakarta.inject-api-2.0.1.jar;C:\Users\Usuario\.m2\repository\org\antlr\antlr4-runtime\4.13.0\antlr4-runtime-4.13.0.jar;C:\Users\Usuario\.m2\repository\com\mysql\mysql-connector-j\8.3.0\mysql-connector-j-8.3.0.jar;C:\Users\Usuario\.m2\repository\c
Launcher Type: SUN_STANDARD

[Global flags]
     intx CICompilerCount                          = 4                                         {product} {ergonomic}
     uint ConcGCThreads                            = 2                                         {product} {ergonomic}
     uint G1ConcRefinementThreads                  = 8                                         {product} {ergonomic}
   size_t G1HeapRegionSize                         = 2097152                                   {product} {ergonomic}
    uintx GCDrainStackTargetSize                   = 64                                        {product} {ergonomic}
   size_t InitialHeapSize                          = 201326592                                 {product} {ergonomic}
   size_t MarkStackSize                            = 4194304                                   {product} {ergonomic}
   size_t MaxHeapSize                              = 3191865344                                {product} {ergonomic}
   size_t MaxNewSize                               = 1914699776                                {product} {ergonomic}
   size_t MinHeapDeltaBytes                        = 2097152                                   {product} {ergonomic}
   size_t MinHeapSize                              = 8388608                                   {product} {ergonomic}
    uintx NonNMethodCodeHeapSize                   = 5839372                                {pd product} {ergonomic}
    uintx NonProfiledCodeHeapSize                  = 122909434                              {pd product} {ergonomic}
    uintx ProfiledCodeHeapSize                     = 122909434                              {pd product} {ergonomic}
    uintx ReservedCodeCacheSize                    = 251658240                              {pd product} {ergonomic}
     bool SegmentedCodeCache                       = true                                      {product} {ergonomic}
   size_t SoftMaxHeapSize                          = 3191865344                             {manageable} {ergonomic}
     bool UseCompressedClassPointers               = true                           {product lp64_product} {ergonomic}
     bool UseCompressedOops                        = true                           {product lp64_product} {ergonomic}
     bool UseG1GC                                  = true                                      {product} {ergonomic}
     bool UseLargePagesIndividualAllocation        = false                                  {pd product} {ergonomic}

Logging:
Log output configuration:
 #0: stdout all=warning uptime,level,tags
 #1: stderr all=off uptime,level,tags

Environment Variables:
JAVA_HOME=C:\Program Files\Java\jdk-17
PATH=C:\Program Files\Common Files\Oracle\Java\javapath;C:\Program Files (x86)\Common Files\Oracle\Java\javapath;C:\Program Files\Java\zulu21.30.15-ca-jdk21.0.1-win_x64\bin;C:\WINDOWS\system32;C:\WINDOWS;C:\WINDOWS\System32\Wbem;C:\WINDOWS\System32\WindowsPowerShell\v1.0\;C:\WINDOWS\System32\OpenSSH\;C:\Program Files\dotnet\;C:\Program Files\Microsoft SQL Server\120\Tools\Binn\;C:\Program Files\Common Files\Autodesk Shared\;C:\Program Files\Git\cmd;C:\Program Files\nodejs\;C:\Program Files\Java\jdk-17\bin;C:\Program Files\Vim\vim91;C:\Program Files\Microsoft SQL Server\150\Tools\Binn\;C:\Program Files\MySQL\MySQL Server 8.0\bin;C:\Program Files\Docker\Docker\resources\bin;C:\MinGW\bin;C:\Program Files\PostgreSQL\16\bin;C:\Program Files\maven\apache-maven-3.9.8-bin\apache-maven-3.9.8\bin;C:\Users\Usuario\AppData\Local\Programs\Python\Python311\Scripts\;C:\Users\Usuario\AppData\Local\Programs\Python\Python311\;C:\Users\Usuario\AppData\Local\Microsoft\WindowsApps;C:\Users\Usuario\Desktop\Microsoft VS Code\bin;C:\Users\Usuario\AppData\Roaming\npm;%PyCharm%;%PyCharm Community Edition%;
USERNAME=Usuario
OS=Windows_NT
PROCESSOR_IDENTIFIER=Intel64 Family 6 Model 142 Stepping 10, GenuineIntel



---------------  S Y S T E M  ---------------

OS:
 Windows 11 , 64 bit Build 22621 (10.0.22621.3958)
OS uptime: 3 days 3:56 hours
Hyper-V role detected

CPU: total 8 (initial active 8) (4 cores per cpu, 2 threads per core) family 6 model 142 stepping 10 microcode 0xe0, cx8, cmov, fxsr, ht, mmx, 3dnowpref, sse, sse2, sse3, ssse3, sse4.1, sse4.2, popcnt, lzcnt, tsc, tscinvbit, avx, avx2, aes, erms, clmul, bmi1, bmi2, adx, fma, vzeroupper, clflush, clflushopt, hv

Memory: 4k page, system-wide physical 12171M (1185M free)
TotalPageFile size 16267M (AvailPageFile size 8M)
current process WorkingSet (physical memory assigned to process): 479M, peak: 485M
current process commit charge ("private bytes"): 724M, peak: 729M

vm_info: Java HotSpot(TM) 64-Bit Server VM (17.0.10+11-LTS-240) for windows-amd64 JRE (17.0.10+11-LTS-240), built on Dec 19 2023 21:47:25 by "mach5one" with MS VC++ 17.1 (VS2022)

END.
